[0.702s] Invoking command in '/home/yeonho/project1_ws/src/project1': AMENT_PREFIX_PATH=/home/yeonho/project1_ws/install/cv_bridge:${AMENT_PREFIX_PATH} CMAKE_PREFIX_PATH=/home/yeonho/project1_ws/install/cv_bridge:${CMAKE_PREFIX_PATH} LD_LIBRARY_PATH=/home/yeonho/project1_ws/install/cv_bridge/lib:${LD_LIBRARY_PATH} PYTHONPATH=/home/yeonho/project1_ws/build/project1/prefix_override:/usr/lib/python3/dist-packages/colcon_core/task/python/colcon_distutils_commands:/home/yeonho/project1_ws/install/project1/lib/python3.10/site-packages:/home/yeonho/project1_ws/install/cv_bridge/local/lib/python3.10/dist-packages:${PYTHONPATH} /usr/bin/python3 -W ignore:setup.py install is deprecated -W ignore:easy_install command is deprecated setup.py egg_info --egg-base ../../build/project1 build --build-base /home/yeonho/project1_ws/build/project1/build install --record /home/yeonho/project1_ws/build/project1/install.log --single-version-externally-managed install_data
[0.901s] running egg_info
[0.901s] writing ../../build/project1/project1.egg-info/PKG-INFO
[0.901s] writing dependency_links to ../../build/project1/project1.egg-info/dependency_links.txt
[0.901s] writing entry points to ../../build/project1/project1.egg-info/entry_points.txt
[0.901s] writing requirements to ../../build/project1/project1.egg-info/requires.txt
[0.901s] writing top-level names to ../../build/project1/project1.egg-info/top_level.txt
[0.903s] reading manifest file '../../build/project1/project1.egg-info/SOURCES.txt'
[0.903s] writing manifest file '../../build/project1/project1.egg-info/SOURCES.txt'
[0.903s] running build
[0.903s] running build_py
[0.903s] copying project1/init_pose2.py -> /home/yeonho/project1_ws/build/project1/build/lib/project1
[0.904s] running install
[0.904s] running install_lib
[0.905s] copying /home/yeonho/project1_ws/build/project1/build/lib/project1/init_pose2.py -> /home/yeonho/project1_ws/install/project1/lib/python3.10/site-packages/project1
[0.906s] byte-compiling /home/yeonho/project1_ws/install/project1/lib/python3.10/site-packages/project1/init_pose2.py to init_pose2.cpython-310.pyc
[0.907s] running install_data
[0.907s] copying launch/amr_control.launch.py -> /home/yeonho/project1_ws/install/project1/share/project1/launch
[0.908s] running install_egg_info
[0.909s] removing '/home/yeonho/project1_ws/install/project1/lib/python3.10/site-packages/project1-0.0.0-py3.10.egg-info' (and everything under it)
[0.909s] Copying ../../build/project1/project1.egg-info to /home/yeonho/project1_ws/install/project1/lib/python3.10/site-packages/project1-0.0.0-py3.10.egg-info
[0.910s] running install_scripts
[0.925s] Installing following script to /home/yeonho/project1_ws/install/project1/lib/project1
[0.926s] Installing init_pose script to /home/yeonho/project1_ws/install/project1/lib/project1
[0.926s] Installing init_pose2 script to /home/yeonho/project1_ws/install/project1/lib/project1
[0.926s] Installing object_detection script to /home/yeonho/project1_ws/install/project1/lib/project1
[0.926s] Installing police_office script to /home/yeonho/project1_ws/install/project1/lib/project1
[0.926s] Installing waypoint_follower script to /home/yeonho/project1_ws/install/project1/lib/project1
[0.926s] writing list of installed files to '/home/yeonho/project1_ws/build/project1/install.log'
[0.951s] Invoked command in '/home/yeonho/project1_ws/src/project1' returned '0': AMENT_PREFIX_PATH=/home/yeonho/project1_ws/install/cv_bridge:${AMENT_PREFIX_PATH} CMAKE_PREFIX_PATH=/home/yeonho/project1_ws/install/cv_bridge:${CMAKE_PREFIX_PATH} LD_LIBRARY_PATH=/home/yeonho/project1_ws/install/cv_bridge/lib:${LD_LIBRARY_PATH} PYTHONPATH=/home/yeonho/project1_ws/build/project1/prefix_override:/usr/lib/python3/dist-packages/colcon_core/task/python/colcon_distutils_commands:/home/yeonho/project1_ws/install/project1/lib/python3.10/site-packages:/home/yeonho/project1_ws/install/cv_bridge/local/lib/python3.10/dist-packages:${PYTHONPATH} /usr/bin/python3 -W ignore:setup.py install is deprecated -W ignore:easy_install command is deprecated setup.py egg_info --egg-base ../../build/project1 build --build-base /home/yeonho/project1_ws/build/project1/build install --record /home/yeonho/project1_ws/build/project1/install.log --single-version-externally-managed install_data
