[0.014s] Invoking command in '/home/yeonho/project1_ws/build/cv_bridge': CMAKE_PREFIX_PATH=${CMAKE_PREFIX_PATH}:/home/yeonho/project1_ws/install/project1:/home/yeonho/project1_ws/install/opencv_tests:/home/yeonho/turtlebot3_ws/install/turtlebot3_teleop:/home/yeonho/turtlebot3_ws/install/turtlebot3_example:/opt/ros/humble /usr/bin/cmake --build /home/yeonho/project1_ws/build/cv_bridge -- -j12 -l12
[0.065s] [ 11%] Built target gtest_main
[0.066s] [ 22%] Built target gtest
[0.070s] [ 44%] Built target cv_bridge
[0.072s] [ 44%] Built target ament_cmake_python_copy_cv_bridge
[0.095s] [ 83%] Built target cv_bridge-utest
[0.103s] [100%] Built target cv_bridge_boost
[0.284s] running egg_info
[0.284s] writing cv_bridge.egg-info/PKG-INFO
[0.284s] writing dependency_links to cv_bridge.egg-info/dependency_links.txt
[0.285s] writing top-level names to cv_bridge.egg-info/top_level.txt
[0.286s] reading manifest file 'cv_bridge.egg-info/SOURCES.txt'
[0.287s] writing manifest file 'cv_bridge.egg-info/SOURCES.txt'
[0.311s] [100%] Built target ament_cmake_python_build_cv_bridge_egg
[0.332s] Invoked command in '/home/yeonho/project1_ws/build/cv_bridge' returned '0': CMAKE_PREFIX_PATH=${CMAKE_PREFIX_PATH}:/home/yeonho/project1_ws/install/project1:/home/yeonho/project1_ws/install/opencv_tests:/home/yeonho/turtlebot3_ws/install/turtlebot3_teleop:/home/yeonho/turtlebot3_ws/install/turtlebot3_example:/opt/ros/humble /usr/bin/cmake --build /home/yeonho/project1_ws/build/cv_bridge -- -j12 -l12
[0.334s] Invoking command in '/home/yeonho/project1_ws/build/cv_bridge': CMAKE_PREFIX_PATH=${CMAKE_PREFIX_PATH}:/home/yeonho/project1_ws/install/project1:/home/yeonho/project1_ws/install/opencv_tests:/home/yeonho/turtlebot3_ws/install/turtlebot3_teleop:/home/yeonho/turtlebot3_ws/install/turtlebot3_example:/opt/ros/humble /usr/bin/cmake --install /home/yeonho/project1_ws/build/cv_bridge
[0.341s] -- Install configuration: ""
[0.341s] -- Up-to-date: /home/yeonho/project1_ws/install/cv_bridge/share/cv_bridge/environment/pythonpath.sh
[0.341s] -- Up-to-date: /home/yeonho/project1_ws/install/cv_bridge/share/cv_bridge/environment/pythonpath.dsv
[0.341s] -- Up-to-date: /home/yeonho/project1_ws/install/cv_bridge/local/lib/python3.10/dist-packages/cv_bridge-4.1.0-py3.10.egg-info
[0.341s] -- Installing: /home/yeonho/project1_ws/install/cv_bridge/local/lib/python3.10/dist-packages/cv_bridge-4.1.0-py3.10.egg-info/PKG-INFO
[0.341s] -- Installing: /home/yeonho/project1_ws/install/cv_bridge/local/lib/python3.10/dist-packages/cv_bridge-4.1.0-py3.10.egg-info/SOURCES.txt
[0.341s] -- Installing: /home/yeonho/project1_ws/install/cv_bridge/local/lib/python3.10/dist-packages/cv_bridge-4.1.0-py3.10.egg-info/top_level.txt
[0.342s] -- Installing: /home/yeonho/project1_ws/install/cv_bridge/local/lib/python3.10/dist-packages/cv_bridge-4.1.0-py3.10.egg-info/dependency_links.txt
[0.342s] -- Up-to-date: /home/yeonho/project1_ws/install/cv_bridge/local/lib/python3.10/dist-packages/cv_bridge
[0.342s] -- Up-to-date: /home/yeonho/project1_ws/install/cv_bridge/local/lib/python3.10/dist-packages/cv_bridge/core.py
[0.342s] -- Up-to-date: /home/yeonho/project1_ws/install/cv_bridge/local/lib/python3.10/dist-packages/cv_bridge/__init__.py
[0.372s] Listing '/home/yeonho/project1_ws/install/cv_bridge/local/lib/python3.10/dist-packages/cv_bridge'...
[0.372s] Listing '/home/yeonho/project1_ws/install/cv_bridge/local/lib/python3.10/dist-packages/cv_bridge/boost'...
[0.376s] -- Up-to-date: /home/yeonho/project1_ws/install/cv_bridge/lib/libcv_bridge.so
[0.376s] -- Up-to-date: /home/yeonho/project1_ws/install/cv_bridge/include/cv_bridge/cv_bridge/cv_bridge_export.h
[0.376s] -- Up-to-date: /home/yeonho/project1_ws/install/cv_bridge/local/lib/python3.10/dist-packages/cv_bridge/boost/cv_bridge_boost.so
[0.377s] -- Up-to-date: /home/yeonho/project1_ws/install/cv_bridge/include/cv_bridge
[0.378s] -- Up-to-date: /home/yeonho/project1_ws/install/cv_bridge/include/cv_bridge/cv_bridge
[0.378s] -- Up-to-date: /home/yeonho/project1_ws/install/cv_bridge/include/cv_bridge/cv_bridge/visibility_control.h
[0.378s] -- Up-to-date: /home/yeonho/project1_ws/install/cv_bridge/include/cv_bridge/cv_bridge/cv_bridge.hpp
[0.378s] -- Up-to-date: /home/yeonho/project1_ws/install/cv_bridge/include/cv_bridge/cv_bridge/rgb_colors.hpp
[0.378s] -- Up-to-date: /home/yeonho/project1_ws/install/cv_bridge/include/cv_bridge/cv_bridge/cv_mat_sensor_msgs_image_type_adapter.hpp
[0.378s] -- Up-to-date: /home/yeonho/project1_ws/install/cv_bridge/lib/libcv_bridge.so
[0.378s] -- Up-to-date: /home/yeonho/project1_ws/install/cv_bridge/share/ament_index/resource_index/package_run_dependencies/cv_bridge
[0.378s] -- Up-to-date: /home/yeonho/project1_ws/install/cv_bridge/share/ament_index/resource_index/parent_prefix_path/cv_bridge
[0.378s] -- Up-to-date: /home/yeonho/project1_ws/install/cv_bridge/share/cv_bridge/environment/ament_prefix_path.sh
[0.378s] -- Up-to-date: /home/yeonho/project1_ws/install/cv_bridge/share/cv_bridge/environment/ament_prefix_path.dsv
[0.378s] -- Up-to-date: /home/yeonho/project1_ws/install/cv_bridge/share/cv_bridge/environment/path.sh
[0.379s] -- Up-to-date: /home/yeonho/project1_ws/install/cv_bridge/share/cv_bridge/environment/path.dsv
[0.379s] -- Up-to-date: /home/yeonho/project1_ws/install/cv_bridge/share/cv_bridge/local_setup.bash
[0.379s] -- Up-to-date: /home/yeonho/project1_ws/install/cv_bridge/share/cv_bridge/local_setup.sh
[0.379s] -- Up-to-date: /home/yeonho/project1_ws/install/cv_bridge/share/cv_bridge/local_setup.zsh
[0.379s] -- Up-to-date: /home/yeonho/project1_ws/install/cv_bridge/share/cv_bridge/local_setup.dsv
[0.379s] -- Installing: /home/yeonho/project1_ws/install/cv_bridge/share/cv_bridge/package.dsv
[0.379s] -- Up-to-date: /home/yeonho/project1_ws/install/cv_bridge/share/ament_index/resource_index/packages/cv_bridge
[0.379s] -- Up-to-date: /home/yeonho/project1_ws/install/cv_bridge/share/cv_bridge/cmake/export_cv_bridgeExport.cmake
[0.379s] -- Up-to-date: /home/yeonho/project1_ws/install/cv_bridge/share/cv_bridge/cmake/export_cv_bridgeExport-noconfig.cmake
[0.379s] -- Up-to-date: /home/yeonho/project1_ws/install/cv_bridge/share/cv_bridge/cmake/cv_bridge-extras.cmake
[0.379s] -- Up-to-date: /home/yeonho/project1_ws/install/cv_bridge/share/cv_bridge/cmake/ament_cmake_export_dependencies-extras.cmake
[0.379s] -- Up-to-date: /home/yeonho/project1_ws/install/cv_bridge/share/cv_bridge/cmake/ament_cmake_export_targets-extras.cmake
[0.379s] -- Up-to-date: /home/yeonho/project1_ws/install/cv_bridge/share/cv_bridge/cmake/cv_bridgeConfig.cmake
[0.379s] -- Up-to-date: /home/yeonho/project1_ws/install/cv_bridge/share/cv_bridge/cmake/cv_bridgeConfig-version.cmake
[0.379s] -- Up-to-date: /home/yeonho/project1_ws/install/cv_bridge/share/cv_bridge/package.xml
[0.398s] Invoked command in '/home/yeonho/project1_ws/build/cv_bridge' returned '0': CMAKE_PREFIX_PATH=${CMAKE_PREFIX_PATH}:/home/yeonho/project1_ws/install/project1:/home/yeonho/project1_ws/install/opencv_tests:/home/yeonho/turtlebot3_ws/install/turtlebot3_teleop:/home/yeonho/turtlebot3_ws/install/turtlebot3_example:/opt/ros/humble /usr/bin/cmake --install /home/yeonho/project1_ws/build/cv_bridge
