[0.010s] Invoking command in '/home/yeonho/project1_ws/build/image_geometry': CMAKE_PREFIX_PATH=${CMAKE_PREFIX_PATH}:/home/yeonho/turtlebot3_ws/install/turtlebot3_teleop:/home/yeonho/turtlebot3_ws/install/turtlebot3_example:/opt/ros/humble /usr/bin/cmake --build /home/yeonho/project1_ws/build/image_geometry -- -j12 -l12
[0.055s] [ 18%] Built target gtest_main
[0.059s] [ 36%] Built target gtest
[0.059s] [ 63%] Built target image_geometry
[0.063s] [ 63%] Built target ament_cmake_python_copy_image_geometry
[0.082s] [100%] Built target image_geometry-utest-equi
[0.083s] [100%] Built target image_geometry-utest
[0.269s] running egg_info
[0.269s] writing image_geometry.egg-info/PKG-INFO
[0.269s] writing dependency_links to image_geometry.egg-info/dependency_links.txt
[0.270s] writing top-level names to image_geometry.egg-info/top_level.txt
[0.271s] reading manifest file 'image_geometry.egg-info/SOURCES.txt'
[0.275s] writing manifest file 'image_geometry.egg-info/SOURCES.txt'
[0.301s] [100%] Built target ament_cmake_python_build_image_geometry_egg
[0.321s] Invoked command in '/home/yeonho/project1_ws/build/image_geometry' returned '0': CMAKE_PREFIX_PATH=${CMAKE_PREFIX_PATH}:/home/yeonho/turtlebot3_ws/install/turtlebot3_teleop:/home/yeonho/turtlebot3_ws/install/turtlebot3_example:/opt/ros/humble /usr/bin/cmake --build /home/yeonho/project1_ws/build/image_geometry -- -j12 -l12
[0.322s] Invoking command in '/home/yeonho/project1_ws/build/image_geometry': CMAKE_PREFIX_PATH=${CMAKE_PREFIX_PATH}:/home/yeonho/turtlebot3_ws/install/turtlebot3_teleop:/home/yeonho/turtlebot3_ws/install/turtlebot3_example:/opt/ros/humble /usr/bin/cmake --install /home/yeonho/project1_ws/build/image_geometry
[0.328s] -- Install configuration: ""
[0.328s] -- Up-to-date: /home/yeonho/project1_ws/install/image_geometry/share/image_geometry/environment/pythonpath.sh
[0.328s] -- Up-to-date: /home/yeonho/project1_ws/install/image_geometry/share/image_geometry/environment/pythonpath.dsv
[0.329s] -- Up-to-date: /home/yeonho/project1_ws/install/image_geometry/local/lib/python3.10/dist-packages/image_geometry-4.1.0-py3.10.egg-info
[0.329s] -- Installing: /home/yeonho/project1_ws/install/image_geometry/local/lib/python3.10/dist-packages/image_geometry-4.1.0-py3.10.egg-info/PKG-INFO
[0.329s] -- Installing: /home/yeonho/project1_ws/install/image_geometry/local/lib/python3.10/dist-packages/image_geometry-4.1.0-py3.10.egg-info/SOURCES.txt
[0.329s] -- Installing: /home/yeonho/project1_ws/install/image_geometry/local/lib/python3.10/dist-packages/image_geometry-4.1.0-py3.10.egg-info/top_level.txt
[0.329s] -- Installing: /home/yeonho/project1_ws/install/image_geometry/local/lib/python3.10/dist-packages/image_geometry-4.1.0-py3.10.egg-info/dependency_links.txt
[0.329s] -- Up-to-date: /home/yeonho/project1_ws/install/image_geometry/local/lib/python3.10/dist-packages/image_geometry
[0.329s] -- Up-to-date: /home/yeonho/project1_ws/install/image_geometry/local/lib/python3.10/dist-packages/image_geometry/__init__.py
[0.329s] -- Up-to-date: /home/yeonho/project1_ws/install/image_geometry/local/lib/python3.10/dist-packages/image_geometry/cameramodels.py
[0.355s] Listing '/home/yeonho/project1_ws/install/image_geometry/local/lib/python3.10/dist-packages/image_geometry'...
[0.358s] -- Up-to-date: /home/yeonho/project1_ws/install/image_geometry/include/image_geometry
[0.358s] -- Up-to-date: /home/yeonho/project1_ws/install/image_geometry/include/image_geometry/image_geometry
[0.358s] -- Up-to-date: /home/yeonho/project1_ws/install/image_geometry/include/image_geometry/image_geometry/pinhole_camera_model.hpp
[0.358s] -- Up-to-date: /home/yeonho/project1_ws/install/image_geometry/include/image_geometry/image_geometry/stereo_camera_model.hpp
[0.358s] -- Up-to-date: /home/yeonho/project1_ws/install/image_geometry/include/image_geometry/image_geometry/visibility_control.hpp
[0.358s] -- Up-to-date: /home/yeonho/project1_ws/install/image_geometry/lib/libimage_geometry.so
[0.359s] -- Up-to-date: /home/yeonho/project1_ws/install/image_geometry/share/ament_index/resource_index/package_run_dependencies/image_geometry
[0.359s] -- Up-to-date: /home/yeonho/project1_ws/install/image_geometry/share/ament_index/resource_index/parent_prefix_path/image_geometry
[0.359s] -- Up-to-date: /home/yeonho/project1_ws/install/image_geometry/share/image_geometry/environment/ament_prefix_path.sh
[0.359s] -- Up-to-date: /home/yeonho/project1_ws/install/image_geometry/share/image_geometry/environment/ament_prefix_path.dsv
[0.359s] -- Up-to-date: /home/yeonho/project1_ws/install/image_geometry/share/image_geometry/environment/path.sh
[0.359s] -- Up-to-date: /home/yeonho/project1_ws/install/image_geometry/share/image_geometry/environment/path.dsv
[0.359s] -- Up-to-date: /home/yeonho/project1_ws/install/image_geometry/share/image_geometry/local_setup.bash
[0.359s] -- Up-to-date: /home/yeonho/project1_ws/install/image_geometry/share/image_geometry/local_setup.sh
[0.359s] -- Up-to-date: /home/yeonho/project1_ws/install/image_geometry/share/image_geometry/local_setup.zsh
[0.359s] -- Up-to-date: /home/yeonho/project1_ws/install/image_geometry/share/image_geometry/local_setup.dsv
[0.359s] -- Installing: /home/yeonho/project1_ws/install/image_geometry/share/image_geometry/package.dsv
[0.360s] -- Up-to-date: /home/yeonho/project1_ws/install/image_geometry/share/ament_index/resource_index/packages/image_geometry
[0.361s] -- Up-to-date: /home/yeonho/project1_ws/install/image_geometry/share/image_geometry/cmake/export_image_geometryExport.cmake
[0.361s] -- Up-to-date: /home/yeonho/project1_ws/install/image_geometry/share/image_geometry/cmake/export_image_geometryExport-noconfig.cmake
[0.361s] -- Up-to-date: /home/yeonho/project1_ws/install/image_geometry/share/image_geometry/cmake/ament_cmake_export_targets-extras.cmake
[0.361s] -- Up-to-date: /home/yeonho/project1_ws/install/image_geometry/share/image_geometry/cmake/ament_cmake_export_dependencies-extras.cmake
[0.361s] -- Up-to-date: /home/yeonho/project1_ws/install/image_geometry/share/image_geometry/cmake/image_geometryConfig.cmake
[0.361s] -- Up-to-date: /home/yeonho/project1_ws/install/image_geometry/share/image_geometry/cmake/image_geometryConfig-version.cmake
[0.361s] -- Up-to-date: /home/yeonho/project1_ws/install/image_geometry/share/image_geometry/package.xml
[0.388s] Invoked command in '/home/yeonho/project1_ws/build/image_geometry' returned '0': CMAKE_PREFIX_PATH=${CMAKE_PREFIX_PATH}:/home/yeonho/turtlebot3_ws/install/turtlebot3_teleop:/home/yeonho/turtlebot3_ws/install/turtlebot3_example:/opt/ros/humble /usr/bin/cmake --install /home/yeonho/project1_ws/build/image_geometry
