running egg_info
writing ../../build/project1/project1.egg-info/PKG-INFO
writing dependency_links to ../../build/project1/project1.egg-info/dependency_links.txt
writing entry points to ../../build/project1/project1.egg-info/entry_points.txt
writing requirements to ../../build/project1/project1.egg-info/requires.txt
writing top-level names to ../../build/project1/project1.egg-info/top_level.txt
reading manifest file '../../build/project1/project1.egg-info/SOURCES.txt'
writing manifest file '../../build/project1/project1.egg-info/SOURCES.txt'
running build
running build_py
running install
running install_lib
running install_data
copying launch/amr_control.launch.py -> /home/yeonho/project1_ws/install/project1/share/project1/launch
running install_egg_info
removing '/home/yeonho/project1_ws/install/project1/lib/python3.10/site-packages/project1-0.0.0-py3.10.egg-info' (and everything under it)
Copying ../../build/project1/project1.egg-info to /home/yeonho/project1_ws/install/project1/lib/python3.10/site-packages/project1-0.0.0-py3.10.egg-info
running install_scripts
Installing following script to /home/yeonho/project1_ws/install/project1/lib/project1
Installing init_pose script to /home/yeonho/project1_ws/install/project1/lib/project1
Installing init_pose2 script to /home/yeonho/project1_ws/install/project1/lib/project1
Installing object_detection script to /home/yeonho/project1_ws/install/project1/lib/project1
Installing police_office script to /home/yeonho/project1_ws/install/project1/lib/project1
Installing waypoint_follower script to /home/yeonho/project1_ws/install/project1/lib/project1
writing list of installed files to '/home/yeonho/project1_ws/build/project1/install.log'
