[0.806s] Invoking command in '/home/yeonho/project1_ws/src/project1': AMENT_PREFIX_PATH=/home/yeonho/project1_ws/install/cv_bridge:${AMENT_PREFIX_PATH} CMAKE_PREFIX_PATH=/home/yeonho/project1_ws/install/cv_bridge:${CMAKE_PREFIX_PATH} LD_LIBRARY_PATH=/home/yeonho/project1_ws/install/cv_bridge/lib:${LD_LIBRARY_PATH} PYTHONPATH=/home/yeonho/project1_ws/build/project1/prefix_override:/usr/lib/python3/dist-packages/colcon_core/task/python/colcon_distutils_commands:/home/yeonho/project1_ws/install/project1/lib/python3.10/site-packages:/home/yeonho/project1_ws/install/cv_bridge/local/lib/python3.10/dist-packages:${PYTHONPATH} /usr/bin/python3 -W ignore:setup.py install is deprecated -W ignore:easy_install command is deprecated setup.py egg_info --egg-base ../../build/project1 build --build-base /home/yeonho/project1_ws/build/project1/build install --record /home/yeonho/project1_ws/build/project1/install.log --single-version-externally-managed install_data
[1.012s] running egg_info
[1.013s] writing ../../build/project1/project1.egg-info/PKG-INFO
[1.013s] writing dependency_links to ../../build/project1/project1.egg-info/dependency_links.txt
[1.013s] writing entry points to ../../build/project1/project1.egg-info/entry_points.txt
[1.013s] writing requirements to ../../build/project1/project1.egg-info/requires.txt
[1.013s] writing top-level names to ../../build/project1/project1.egg-info/top_level.txt
[1.014s] reading manifest file '../../build/project1/project1.egg-info/SOURCES.txt'
[1.015s] writing manifest file '../../build/project1/project1.egg-info/SOURCES.txt'
[1.015s] running build
[1.016s] running build_py
[1.016s] running install
[1.016s] running install_lib
[1.018s] running install_data
[1.018s] running install_egg_info
[1.020s] removing '/home/yeonho/project1_ws/install/project1/lib/python3.10/site-packages/project1-0.0.0-py3.10.egg-info' (and everything under it)
[1.020s] Copying ../../build/project1/project1.egg-info to /home/yeonho/project1_ws/install/project1/lib/python3.10/site-packages/project1-0.0.0-py3.10.egg-info
[1.021s] running install_scripts
[1.037s] Installing following script to /home/yeonho/project1_ws/install/project1/lib/project1
[1.037s] Installing new_object script to /home/yeonho/project1_ws/install/project1/lib/project1
[1.037s] Installing new_webcam script to /home/yeonho/project1_ws/install/project1/lib/project1
[1.037s] Installing object_detection script to /home/yeonho/project1_ws/install/project1/lib/project1
[1.037s] writing list of installed files to '/home/yeonho/project1_ws/build/project1/install.log'
[1.059s] Invoked command in '/home/yeonho/project1_ws/src/project1' returned '0': AMENT_PREFIX_PATH=/home/yeonho/project1_ws/install/cv_bridge:${AMENT_PREFIX_PATH} CMAKE_PREFIX_PATH=/home/yeonho/project1_ws/install/cv_bridge:${CMAKE_PREFIX_PATH} LD_LIBRARY_PATH=/home/yeonho/project1_ws/install/cv_bridge/lib:${LD_LIBRARY_PATH} PYTHONPATH=/home/yeonho/project1_ws/build/project1/prefix_override:/usr/lib/python3/dist-packages/colcon_core/task/python/colcon_distutils_commands:/home/yeonho/project1_ws/install/project1/lib/python3.10/site-packages:/home/yeonho/project1_ws/install/cv_bridge/local/lib/python3.10/dist-packages:${PYTHONPATH} /usr/bin/python3 -W ignore:setup.py install is deprecated -W ignore:easy_install command is deprecated setup.py egg_info --egg-base ../../build/project1 build --build-base /home/yeonho/project1_ws/build/project1/build install --record /home/yeonho/project1_ws/build/project1/install.log --single-version-externally-managed install_data
