[0.749s] Invoking command in '/home/yeonho/project1_ws/src/project1': CMAKE_PREFIX_PATH=/home/yeonho/project1_ws/install/cv_bridge:/home/yeonho/project1_ws/install/vision_opencv:/home/yeonho/project1_ws/install/image_geometry:/home/yeonho/turtlebot3_ws/install/turtlebot3:/home/yeonho/turtlebot3_ws/install/turtlebot3_bringup:/home/yeonho/turtlebot3_ws/install/turtlebot3_node:/home/yeonho/turtlebot3_ws/install/turtlebot3_navigation2:/home/yeonho/turtlebot3_ws/install/turtlebot3_msgs:/home/yeonho/turtlebot3_ws/install/turtlebot3_description:/home/yeonho/turtlebot3_ws/install/turtlebot3_cartographer:/home/yeonho/turtlebot3_ws/install/dynamixel_sdk_examples:/home/yeonho/turtlebot3_ws/install/dynamixel_sdk_custom_interfaces:/home/yeonho/turtlebot3_ws/install/dynamixel_sdk LD_LIBRARY_PATH=/home/yeonho/project1_ws/install/cv_bridge/lib:/home/yeonho/project1_ws/install/image_geometry/lib:/home/yeonho/turtlebot3_ws/install/turtlebot3_msgs/lib:/home/yeonho/turtlebot3_ws/install/dynamixel_sdk_custom_interfaces/lib:/home/yeonho/turtlebot3_ws/install/dynamixel_sdk/lib:/opt/ros/humble/opt/rviz_ogre_vendor/lib:/opt/ros/humble/lib/x86_64-linux-gnu:/opt/ros/humble/lib PYTHONPATH=/home/yeonho/project1_ws/build/project1/prefix_override:/usr/lib/python3/dist-packages/colcon_core/task/python/colcon_distutils_commands:/home/yeonho/project1_ws/install/project1/lib/python3.10/site-packages:${PYTHONPATH} /usr/bin/python3 -W ignore:setup.py install is deprecated -W ignore:easy_install command is deprecated setup.py egg_info --egg-base ../../build/project1 build --build-base /home/yeonho/project1_ws/build/project1/build install --record /home/yeonho/project1_ws/build/project1/install.log --single-version-externally-managed install_data
[0.949s] running egg_info
[0.950s] writing ../../build/project1/project1.egg-info/PKG-INFO
[0.950s] writing dependency_links to ../../build/project1/project1.egg-info/dependency_links.txt
[0.950s] writing entry points to ../../build/project1/project1.egg-info/entry_points.txt
[0.950s] writing requirements to ../../build/project1/project1.egg-info/requires.txt
[0.951s] writing top-level names to ../../build/project1/project1.egg-info/top_level.txt
[0.952s] reading manifest file '../../build/project1/project1.egg-info/SOURCES.txt'
[0.953s] writing manifest file '../../build/project1/project1.egg-info/SOURCES.txt'
[0.953s] running build
[0.953s] running build_py
[0.953s] copying detection/following.py -> /home/yeonho/project1_ws/build/project1/build/lib/detection
[0.954s] running install
[0.955s] running install_lib
[0.956s] copying /home/yeonho/project1_ws/build/project1/build/lib/detection/following.py -> /home/yeonho/project1_ws/install/project1/lib/python3.10/site-packages/detection
[0.957s] byte-compiling /home/yeonho/project1_ws/install/project1/lib/python3.10/site-packages/detection/following.py to following.cpython-310.pyc
[0.958s] running install_data
[0.958s] running install_egg_info
[0.960s] removing '/home/yeonho/project1_ws/install/project1/lib/python3.10/site-packages/project1-0.0.0-py3.10.egg-info' (and everything under it)
[0.960s] Copying ../../build/project1/project1.egg-info to /home/yeonho/project1_ws/install/project1/lib/python3.10/site-packages/project1-0.0.0-py3.10.egg-info
[0.961s] running install_scripts
[0.977s] Installing following script to /home/yeonho/project1_ws/install/project1/lib/project1
[0.977s] Installing init_pose script to /home/yeonho/project1_ws/install/project1/lib/project1
[0.977s] Installing new_object script to /home/yeonho/project1_ws/install/project1/lib/project1
[0.977s] Installing new_webcam script to /home/yeonho/project1_ws/install/project1/lib/project1
[0.977s] Installing object_detection script to /home/yeonho/project1_ws/install/project1/lib/project1
[0.978s] Installing waypoint_following script to /home/yeonho/project1_ws/install/project1/lib/project1
[0.978s] writing list of installed files to '/home/yeonho/project1_ws/build/project1/install.log'
[1.001s] Invoked command in '/home/yeonho/project1_ws/src/project1' returned '0': CMAKE_PREFIX_PATH=/home/yeonho/project1_ws/install/cv_bridge:/home/yeonho/project1_ws/install/vision_opencv:/home/yeonho/project1_ws/install/image_geometry:/home/yeonho/turtlebot3_ws/install/turtlebot3:/home/yeonho/turtlebot3_ws/install/turtlebot3_bringup:/home/yeonho/turtlebot3_ws/install/turtlebot3_node:/home/yeonho/turtlebot3_ws/install/turtlebot3_navigation2:/home/yeonho/turtlebot3_ws/install/turtlebot3_msgs:/home/yeonho/turtlebot3_ws/install/turtlebot3_description:/home/yeonho/turtlebot3_ws/install/turtlebot3_cartographer:/home/yeonho/turtlebot3_ws/install/dynamixel_sdk_examples:/home/yeonho/turtlebot3_ws/install/dynamixel_sdk_custom_interfaces:/home/yeonho/turtlebot3_ws/install/dynamixel_sdk LD_LIBRARY_PATH=/home/yeonho/project1_ws/install/cv_bridge/lib:/home/yeonho/project1_ws/install/image_geometry/lib:/home/yeonho/turtlebot3_ws/install/turtlebot3_msgs/lib:/home/yeonho/turtlebot3_ws/install/dynamixel_sdk_custom_interfaces/lib:/home/yeonho/turtlebot3_ws/install/dynamixel_sdk/lib:/opt/ros/humble/opt/rviz_ogre_vendor/lib:/opt/ros/humble/lib/x86_64-linux-gnu:/opt/ros/humble/lib PYTHONPATH=/home/yeonho/project1_ws/build/project1/prefix_override:/usr/lib/python3/dist-packages/colcon_core/task/python/colcon_distutils_commands:/home/yeonho/project1_ws/install/project1/lib/python3.10/site-packages:${PYTHONPATH} /usr/bin/python3 -W ignore:setup.py install is deprecated -W ignore:easy_install command is deprecated setup.py egg_info --egg-base ../../build/project1 build --build-base /home/yeonho/project1_ws/build/project1/build install --record /home/yeonho/project1_ws/build/project1/install.log --single-version-externally-managed install_data
