running egg_info
writing ../../build/project1/project1.egg-info/PKG-INFO
writing dependency_links to ../../build/project1/project1.egg-info/dependency_links.txt
writing entry points to ../../build/project1/project1.egg-info/entry_points.txt
writing requirements to ../../build/project1/project1.egg-info/requires.txt
writing top-level names to ../../build/project1/project1.egg-info/top_level.txt
reading manifest file '../../build/project1/project1.egg-info/SOURCES.txt'
writing manifest file '../../build/project1/project1.egg-info/SOURCES.txt'
running build
running build_py
creating /home/yeonho/project1_ws/build/project1/build/lib/amr_control
copying amr_control/__init__.py -> /home/yeonho/project1_ws/build/project1/build/lib/amr_control
copying amr_control/initial_pose_publisher.py -> /home/yeonho/project1_ws/build/project1/build/lib/amr_control
copying amr_control/new_waypoint_follower.py -> /home/yeonho/project1_ws/build/project1/build/lib/amr_control
running install
running install_lib
creating /home/yeonho/project1_ws/install/project1/lib/python3.10/site-packages/amr_control
copying /home/yeonho/project1_ws/build/project1/build/lib/amr_control/__init__.py -> /home/yeonho/project1_ws/install/project1/lib/python3.10/site-packages/amr_control
copying /home/yeonho/project1_ws/build/project1/build/lib/amr_control/initial_pose_publisher.py -> /home/yeonho/project1_ws/install/project1/lib/python3.10/site-packages/amr_control
copying /home/yeonho/project1_ws/build/project1/build/lib/amr_control/new_waypoint_follower.py -> /home/yeonho/project1_ws/install/project1/lib/python3.10/site-packages/amr_control
byte-compiling /home/yeonho/project1_ws/install/project1/lib/python3.10/site-packages/amr_control/__init__.py to __init__.cpython-310.pyc
byte-compiling /home/yeonho/project1_ws/install/project1/lib/python3.10/site-packages/amr_control/initial_pose_publisher.py to initial_pose_publisher.cpython-310.pyc
byte-compiling /home/yeonho/project1_ws/install/project1/lib/python3.10/site-packages/amr_control/new_waypoint_follower.py to new_waypoint_follower.cpython-310.pyc
running install_data
running install_egg_info
removing '/home/yeonho/project1_ws/install/project1/lib/python3.10/site-packages/project1-0.0.0-py3.10.egg-info' (and everything under it)
Copying ../../build/project1/project1.egg-info to /home/yeonho/project1_ws/install/project1/lib/python3.10/site-packages/project1-0.0.0-py3.10.egg-info
running install_scripts
Installing following script to /home/yeonho/project1_ws/install/project1/lib/project1
Installing init_pose script to /home/yeonho/project1_ws/install/project1/lib/project1
Installing new_object script to /home/yeonho/project1_ws/install/project1/lib/project1
Installing new_webcam script to /home/yeonho/project1_ws/install/project1/lib/project1
Installing object_detection script to /home/yeonho/project1_ws/install/project1/lib/project1
Installing waypoint_following script to /home/yeonho/project1_ws/install/project1/lib/project1
writing list of installed files to '/home/yeonho/project1_ws/build/project1/install.log'
