[0.720s] Invoking command in '/home/yeonho/project1_ws/src/project1': AMENT_PREFIX_PATH=/home/yeonho/project1_ws/install/cv_bridge:${AMENT_PREFIX_PATH} CMAKE_PREFIX_PATH=/home/yeonho/project1_ws/install/cv_bridge:${CMAKE_PREFIX_PATH} LD_LIBRARY_PATH=/home/yeonho/project1_ws/install/cv_bridge/lib:${LD_LIBRARY_PATH} PYTHONPATH=/home/yeonho/project1_ws/build/project1/prefix_override:/usr/lib/python3/dist-packages/colcon_core/task/python/colcon_distutils_commands:/home/yeonho/project1_ws/install/project1/lib/python3.10/site-packages:/home/yeonho/project1_ws/install/cv_bridge/local/lib/python3.10/dist-packages:${PYTHONPATH} /usr/bin/python3 -W ignore:setup.py install is deprecated -W ignore:easy_install command is deprecated setup.py egg_info --egg-base ../../build/project1 build --build-base /home/yeonho/project1_ws/build/project1/build install --record /home/yeonho/project1_ws/build/project1/install.log --single-version-externally-managed install_data
[0.917s] running egg_info
[0.918s] writing ../../build/project1/project1.egg-info/PKG-INFO
[0.918s] writing dependency_links to ../../build/project1/project1.egg-info/dependency_links.txt
[0.918s] writing entry points to ../../build/project1/project1.egg-info/entry_points.txt
[0.918s] writing requirements to ../../build/project1/project1.egg-info/requires.txt
[0.918s] writing top-level names to ../../build/project1/project1.egg-info/top_level.txt
[0.920s] reading manifest file '../../build/project1/project1.egg-info/SOURCES.txt'
[0.920s] writing manifest file '../../build/project1/project1.egg-info/SOURCES.txt'
[0.920s] running build
[0.921s] running build_py
[0.921s] creating /home/yeonho/project1_ws/build/project1/build/lib/amr_control
[0.921s] copying amr_control/__init__.py -> /home/yeonho/project1_ws/build/project1/build/lib/amr_control
[0.921s] copying amr_control/initial_pose_publisher.py -> /home/yeonho/project1_ws/build/project1/build/lib/amr_control
[0.921s] copying amr_control/new_waypoint_follower.py -> /home/yeonho/project1_ws/build/project1/build/lib/amr_control
[0.922s] running install
[0.923s] running install_lib
[0.924s] creating /home/yeonho/project1_ws/install/project1/lib/python3.10/site-packages/amr_control
[0.924s] copying /home/yeonho/project1_ws/build/project1/build/lib/amr_control/__init__.py -> /home/yeonho/project1_ws/install/project1/lib/python3.10/site-packages/amr_control
[0.924s] copying /home/yeonho/project1_ws/build/project1/build/lib/amr_control/initial_pose_publisher.py -> /home/yeonho/project1_ws/install/project1/lib/python3.10/site-packages/amr_control
[0.924s] copying /home/yeonho/project1_ws/build/project1/build/lib/amr_control/new_waypoint_follower.py -> /home/yeonho/project1_ws/install/project1/lib/python3.10/site-packages/amr_control
[0.925s] byte-compiling /home/yeonho/project1_ws/install/project1/lib/python3.10/site-packages/amr_control/__init__.py to __init__.cpython-310.pyc
[0.925s] byte-compiling /home/yeonho/project1_ws/install/project1/lib/python3.10/site-packages/amr_control/initial_pose_publisher.py to initial_pose_publisher.cpython-310.pyc
[0.925s] byte-compiling /home/yeonho/project1_ws/install/project1/lib/python3.10/site-packages/amr_control/new_waypoint_follower.py to new_waypoint_follower.cpython-310.pyc
[0.926s] running install_data
[0.927s] running install_egg_info
[0.928s] removing '/home/yeonho/project1_ws/install/project1/lib/python3.10/site-packages/project1-0.0.0-py3.10.egg-info' (and everything under it)
[0.928s] Copying ../../build/project1/project1.egg-info to /home/yeonho/project1_ws/install/project1/lib/python3.10/site-packages/project1-0.0.0-py3.10.egg-info
[0.929s] running install_scripts
[0.945s] Installing following script to /home/yeonho/project1_ws/install/project1/lib/project1
[0.945s] Installing init_pose script to /home/yeonho/project1_ws/install/project1/lib/project1
[0.945s] Installing new_object script to /home/yeonho/project1_ws/install/project1/lib/project1
[0.945s] Installing new_webcam script to /home/yeonho/project1_ws/install/project1/lib/project1
[0.946s] Installing object_detection script to /home/yeonho/project1_ws/install/project1/lib/project1
[0.946s] Installing waypoint_following script to /home/yeonho/project1_ws/install/project1/lib/project1
[0.946s] writing list of installed files to '/home/yeonho/project1_ws/build/project1/install.log'
[0.971s] Invoked command in '/home/yeonho/project1_ws/src/project1' returned '0': AMENT_PREFIX_PATH=/home/yeonho/project1_ws/install/cv_bridge:${AMENT_PREFIX_PATH} CMAKE_PREFIX_PATH=/home/yeonho/project1_ws/install/cv_bridge:${CMAKE_PREFIX_PATH} LD_LIBRARY_PATH=/home/yeonho/project1_ws/install/cv_bridge/lib:${LD_LIBRARY_PATH} PYTHONPATH=/home/yeonho/project1_ws/build/project1/prefix_override:/usr/lib/python3/dist-packages/colcon_core/task/python/colcon_distutils_commands:/home/yeonho/project1_ws/install/project1/lib/python3.10/site-packages:/home/yeonho/project1_ws/install/cv_bridge/local/lib/python3.10/dist-packages:${PYTHONPATH} /usr/bin/python3 -W ignore:setup.py install is deprecated -W ignore:easy_install command is deprecated setup.py egg_info --egg-base ../../build/project1 build --build-base /home/yeonho/project1_ws/build/project1/build install --record /home/yeonho/project1_ws/build/project1/install.log --single-version-externally-managed install_data
