[0.011s] Invoking command in '/home/yeonho/project1_ws/build/image_geometry': CMAKE_PREFIX_PATH=${CMAKE_PREFIX_PATH}:/home/yeonho/turtlebot3_ws/install/turtlebot3_teleop:/home/yeonho/turtlebot3_ws/install/turtlebot3_example:/opt/ros/humble /usr/bin/cmake --build /home/yeonho/project1_ws/build/image_geometry -- -j12 -l12
[0.066s] [ 27%] Built target image_geometry
[0.067s] [ 45%] Built target gtest
[0.067s] [ 63%] Built target gtest_main
[0.078s] [ 63%] Built target ament_cmake_python_copy_image_geometry
[0.092s] [100%] Built target image_geometry-utest-equi
[0.092s] [100%] Built target image_geometry-utest
[0.303s] running egg_info
[0.303s] writing image_geometry.egg-info/PKG-INFO
[0.304s] writing dependency_links to image_geometry.egg-info/dependency_links.txt
[0.304s] writing top-level names to image_geometry.egg-info/top_level.txt
[0.306s] reading manifest file 'image_geometry.egg-info/SOURCES.txt'
[0.306s] writing manifest file 'image_geometry.egg-info/SOURCES.txt'
[0.355s] [100%] Built target ament_cmake_python_build_image_geometry_egg
[0.369s] Invoked command in '/home/yeonho/project1_ws/build/image_geometry' returned '0': CMAKE_PREFIX_PATH=${CMAKE_PREFIX_PATH}:/home/yeonho/turtlebot3_ws/install/turtlebot3_teleop:/home/yeonho/turtlebot3_ws/install/turtlebot3_example:/opt/ros/humble /usr/bin/cmake --build /home/yeonho/project1_ws/build/image_geometry -- -j12 -l12
[0.370s] Invoking command in '/home/yeonho/project1_ws/build/image_geometry': CMAKE_PREFIX_PATH=${CMAKE_PREFIX_PATH}:/home/yeonho/turtlebot3_ws/install/turtlebot3_teleop:/home/yeonho/turtlebot3_ws/install/turtlebot3_example:/opt/ros/humble /usr/bin/cmake --install /home/yeonho/project1_ws/build/image_geometry
[0.381s] -- Install configuration: ""
[0.381s] -- Up-to-date: /home/yeonho/project1_ws/install/image_geometry/share/image_geometry/environment/pythonpath.sh
[0.382s] -- Up-to-date: /home/yeonho/project1_ws/install/image_geometry/share/image_geometry/environment/pythonpath.dsv
[0.382s] -- Up-to-date: /home/yeonho/project1_ws/install/image_geometry/local/lib/python3.10/dist-packages/image_geometry-4.1.0-py3.10.egg-info
[0.382s] -- Installing: /home/yeonho/project1_ws/install/image_geometry/local/lib/python3.10/dist-packages/image_geometry-4.1.0-py3.10.egg-info/PKG-INFO
[0.382s] -- Installing: /home/yeonho/project1_ws/install/image_geometry/local/lib/python3.10/dist-packages/image_geometry-4.1.0-py3.10.egg-info/SOURCES.txt
[0.382s] -- Installing: /home/yeonho/project1_ws/install/image_geometry/local/lib/python3.10/dist-packages/image_geometry-4.1.0-py3.10.egg-info/top_level.txt
[0.382s] -- Installing: /home/yeonho/project1_ws/install/image_geometry/local/lib/python3.10/dist-packages/image_geometry-4.1.0-py3.10.egg-info/dependency_links.txt
[0.383s] -- Up-to-date: /home/yeonho/project1_ws/install/image_geometry/local/lib/python3.10/dist-packages/image_geometry
[0.383s] -- Up-to-date: /home/yeonho/project1_ws/install/image_geometry/local/lib/python3.10/dist-packages/image_geometry/__init__.py
[0.383s] -- Up-to-date: /home/yeonho/project1_ws/install/image_geometry/local/lib/python3.10/dist-packages/image_geometry/cameramodels.py
[0.416s] Listing '/home/yeonho/project1_ws/install/image_geometry/local/lib/python3.10/dist-packages/image_geometry'...
[0.424s] -- Up-to-date: /home/yeonho/project1_ws/install/image_geometry/include/image_geometry
[0.424s] -- Up-to-date: /home/yeonho/project1_ws/install/image_geometry/include/image_geometry/image_geometry
[0.424s] -- Up-to-date: /home/yeonho/project1_ws/install/image_geometry/include/image_geometry/image_geometry/pinhole_camera_model.hpp
[0.424s] -- Up-to-date: /home/yeonho/project1_ws/install/image_geometry/include/image_geometry/image_geometry/stereo_camera_model.hpp
[0.424s] -- Up-to-date: /home/yeonho/project1_ws/install/image_geometry/include/image_geometry/image_geometry/visibility_control.hpp
[0.424s] -- Up-to-date: /home/yeonho/project1_ws/install/image_geometry/lib/libimage_geometry.so
[0.425s] -- Up-to-date: /home/yeonho/project1_ws/install/image_geometry/share/ament_index/resource_index/package_run_dependencies/image_geometry
[0.425s] -- Up-to-date: /home/yeonho/project1_ws/install/image_geometry/share/ament_index/resource_index/parent_prefix_path/image_geometry
[0.425s] -- Up-to-date: /home/yeonho/project1_ws/install/image_geometry/share/image_geometry/environment/ament_prefix_path.sh
[0.425s] -- Up-to-date: /home/yeonho/project1_ws/install/image_geometry/share/image_geometry/environment/ament_prefix_path.dsv
[0.425s] -- Up-to-date: /home/yeonho/project1_ws/install/image_geometry/share/image_geometry/environment/path.sh
[0.425s] -- Up-to-date: /home/yeonho/project1_ws/install/image_geometry/share/image_geometry/environment/path.dsv
[0.425s] -- Up-to-date: /home/yeonho/project1_ws/install/image_geometry/share/image_geometry/local_setup.bash
[0.426s] -- Up-to-date: /home/yeonho/project1_ws/install/image_geometry/share/image_geometry/local_setup.sh
[0.426s] -- Up-to-date: /home/yeonho/project1_ws/install/image_geometry/share/image_geometry/local_setup.zsh
[0.426s] -- Up-to-date: /home/yeonho/project1_ws/install/image_geometry/share/image_geometry/local_setup.dsv
[0.426s] -- Installing: /home/yeonho/project1_ws/install/image_geometry/share/image_geometry/package.dsv
[0.426s] -- Up-to-date: /home/yeonho/project1_ws/install/image_geometry/share/ament_index/resource_index/packages/image_geometry
[0.426s] -- Up-to-date: /home/yeonho/project1_ws/install/image_geometry/share/image_geometry/cmake/export_image_geometryExport.cmake
[0.426s] -- Up-to-date: /home/yeonho/project1_ws/install/image_geometry/share/image_geometry/cmake/export_image_geometryExport-noconfig.cmake
[0.426s] -- Up-to-date: /home/yeonho/project1_ws/install/image_geometry/share/image_geometry/cmake/ament_cmake_export_targets-extras.cmake
[0.427s] -- Up-to-date: /home/yeonho/project1_ws/install/image_geometry/share/image_geometry/cmake/ament_cmake_export_dependencies-extras.cmake
[0.427s] -- Up-to-date: /home/yeonho/project1_ws/install/image_geometry/share/image_geometry/cmake/image_geometryConfig.cmake
[0.427s] -- Up-to-date: /home/yeonho/project1_ws/install/image_geometry/share/image_geometry/cmake/image_geometryConfig-version.cmake
[0.427s] -- Up-to-date: /home/yeonho/project1_ws/install/image_geometry/share/image_geometry/package.xml
[0.465s] Invoked command in '/home/yeonho/project1_ws/build/image_geometry' returned '0': CMAKE_PREFIX_PATH=${CMAKE_PREFIX_PATH}:/home/yeonho/turtlebot3_ws/install/turtlebot3_teleop:/home/yeonho/turtlebot3_ws/install/turtlebot3_example:/opt/ros/humble /usr/bin/cmake --install /home/yeonho/project1_ws/build/image_geometry
