[0.014s] Invoking command in '/home/yeonho/project1_ws/build/cv_bridge': CMAKE_PREFIX_PATH=${CMAKE_PREFIX_PATH}:/home/yeonho/turtlebot3_ws/install/turtlebot3_teleop:/home/yeonho/turtlebot3_ws/install/turtlebot3_example:/opt/ros/humble /usr/bin/cmake --build /home/yeonho/project1_ws/build/cv_bridge -- -j12 -l12
[0.072s] [ 11%] Built target gtest_main
[0.073s] [ 22%] Built target gtest
[0.076s] [ 44%] Built target cv_bridge
[0.081s] [ 44%] Built target ament_cmake_python_copy_cv_bridge
[0.108s] [ 83%] Built target cv_bridge-utest
[0.112s] [100%] Built target cv_bridge_boost
[0.298s] running egg_info
[0.298s] writing cv_bridge.egg-info/PKG-INFO
[0.299s] writing dependency_links to cv_bridge.egg-info/dependency_links.txt
[0.299s] writing top-level names to cv_bridge.egg-info/top_level.txt
[0.301s] reading manifest file 'cv_bridge.egg-info/SOURCES.txt'
[0.302s] writing manifest file 'cv_bridge.egg-info/SOURCES.txt'
[0.345s] [100%] Built target ament_cmake_python_build_cv_bridge_egg
[0.360s] Invoked command in '/home/yeonho/project1_ws/build/cv_bridge' returned '0': CMAKE_PREFIX_PATH=${CMAKE_PREFIX_PATH}:/home/yeonho/turtlebot3_ws/install/turtlebot3_teleop:/home/yeonho/turtlebot3_ws/install/turtlebot3_example:/opt/ros/humble /usr/bin/cmake --build /home/yeonho/project1_ws/build/cv_bridge -- -j12 -l12
[0.362s] Invoking command in '/home/yeonho/project1_ws/build/cv_bridge': CMAKE_PREFIX_PATH=${CMAKE_PREFIX_PATH}:/home/yeonho/turtlebot3_ws/install/turtlebot3_teleop:/home/yeonho/turtlebot3_ws/install/turtlebot3_example:/opt/ros/humble /usr/bin/cmake --install /home/yeonho/project1_ws/build/cv_bridge
[0.369s] -- Install configuration: ""
[0.369s] -- Up-to-date: /home/yeonho/project1_ws/install/cv_bridge/share/cv_bridge/environment/pythonpath.sh
[0.369s] -- Up-to-date: /home/yeonho/project1_ws/install/cv_bridge/share/cv_bridge/environment/pythonpath.dsv
[0.369s] -- Up-to-date: /home/yeonho/project1_ws/install/cv_bridge/local/lib/python3.10/dist-packages/cv_bridge-4.1.0-py3.10.egg-info
[0.369s] -- Installing: /home/yeonho/project1_ws/install/cv_bridge/local/lib/python3.10/dist-packages/cv_bridge-4.1.0-py3.10.egg-info/PKG-INFO
[0.369s] -- Installing: /home/yeonho/project1_ws/install/cv_bridge/local/lib/python3.10/dist-packages/cv_bridge-4.1.0-py3.10.egg-info/SOURCES.txt
[0.369s] -- Installing: /home/yeonho/project1_ws/install/cv_bridge/local/lib/python3.10/dist-packages/cv_bridge-4.1.0-py3.10.egg-info/top_level.txt
[0.369s] -- Installing: /home/yeonho/project1_ws/install/cv_bridge/local/lib/python3.10/dist-packages/cv_bridge-4.1.0-py3.10.egg-info/dependency_links.txt
[0.369s] -- Up-to-date: /home/yeonho/project1_ws/install/cv_bridge/local/lib/python3.10/dist-packages/cv_bridge
[0.369s] -- Up-to-date: /home/yeonho/project1_ws/install/cv_bridge/local/lib/python3.10/dist-packages/cv_bridge/core.py
[0.369s] -- Up-to-date: /home/yeonho/project1_ws/install/cv_bridge/local/lib/python3.10/dist-packages/cv_bridge/__init__.py
[0.396s] Listing '/home/yeonho/project1_ws/install/cv_bridge/local/lib/python3.10/dist-packages/cv_bridge'...
[0.396s] Listing '/home/yeonho/project1_ws/install/cv_bridge/local/lib/python3.10/dist-packages/cv_bridge/boost'...
[0.400s] -- Up-to-date: /home/yeonho/project1_ws/install/cv_bridge/lib/libcv_bridge.so
[0.401s] -- Up-to-date: /home/yeonho/project1_ws/install/cv_bridge/include/cv_bridge/cv_bridge/cv_bridge_export.h
[0.401s] -- Up-to-date: /home/yeonho/project1_ws/install/cv_bridge/local/lib/python3.10/dist-packages/cv_bridge/boost/cv_bridge_boost.so
[0.402s] -- Up-to-date: /home/yeonho/project1_ws/install/cv_bridge/include/cv_bridge
[0.402s] -- Up-to-date: /home/yeonho/project1_ws/install/cv_bridge/include/cv_bridge/cv_bridge
[0.402s] -- Up-to-date: /home/yeonho/project1_ws/install/cv_bridge/include/cv_bridge/cv_bridge/visibility_control.h
[0.402s] -- Up-to-date: /home/yeonho/project1_ws/install/cv_bridge/include/cv_bridge/cv_bridge/cv_bridge.hpp
[0.402s] -- Up-to-date: /home/yeonho/project1_ws/install/cv_bridge/include/cv_bridge/cv_bridge/rgb_colors.hpp
[0.402s] -- Up-to-date: /home/yeonho/project1_ws/install/cv_bridge/include/cv_bridge/cv_bridge/cv_mat_sensor_msgs_image_type_adapter.hpp
[0.403s] -- Up-to-date: /home/yeonho/project1_ws/install/cv_bridge/lib/libcv_bridge.so
[0.403s] -- Up-to-date: /home/yeonho/project1_ws/install/cv_bridge/share/ament_index/resource_index/package_run_dependencies/cv_bridge
[0.403s] -- Up-to-date: /home/yeonho/project1_ws/install/cv_bridge/share/ament_index/resource_index/parent_prefix_path/cv_bridge
[0.403s] -- Up-to-date: /home/yeonho/project1_ws/install/cv_bridge/share/cv_bridge/environment/ament_prefix_path.sh
[0.403s] -- Up-to-date: /home/yeonho/project1_ws/install/cv_bridge/share/cv_bridge/environment/ament_prefix_path.dsv
[0.403s] -- Up-to-date: /home/yeonho/project1_ws/install/cv_bridge/share/cv_bridge/environment/path.sh
[0.403s] -- Up-to-date: /home/yeonho/project1_ws/install/cv_bridge/share/cv_bridge/environment/path.dsv
[0.403s] -- Up-to-date: /home/yeonho/project1_ws/install/cv_bridge/share/cv_bridge/local_setup.bash
[0.403s] -- Up-to-date: /home/yeonho/project1_ws/install/cv_bridge/share/cv_bridge/local_setup.sh
[0.403s] -- Up-to-date: /home/yeonho/project1_ws/install/cv_bridge/share/cv_bridge/local_setup.zsh
[0.404s] -- Up-to-date: /home/yeonho/project1_ws/install/cv_bridge/share/cv_bridge/local_setup.dsv
[0.404s] -- Installing: /home/yeonho/project1_ws/install/cv_bridge/share/cv_bridge/package.dsv
[0.404s] -- Up-to-date: /home/yeonho/project1_ws/install/cv_bridge/share/ament_index/resource_index/packages/cv_bridge
[0.404s] -- Up-to-date: /home/yeonho/project1_ws/install/cv_bridge/share/cv_bridge/cmake/export_cv_bridgeExport.cmake
[0.404s] -- Up-to-date: /home/yeonho/project1_ws/install/cv_bridge/share/cv_bridge/cmake/export_cv_bridgeExport-noconfig.cmake
[0.404s] -- Up-to-date: /home/yeonho/project1_ws/install/cv_bridge/share/cv_bridge/cmake/cv_bridge-extras.cmake
[0.404s] -- Up-to-date: /home/yeonho/project1_ws/install/cv_bridge/share/cv_bridge/cmake/ament_cmake_export_dependencies-extras.cmake
[0.404s] -- Up-to-date: /home/yeonho/project1_ws/install/cv_bridge/share/cv_bridge/cmake/ament_cmake_export_targets-extras.cmake
[0.405s] -- Up-to-date: /home/yeonho/project1_ws/install/cv_bridge/share/cv_bridge/cmake/cv_bridgeConfig.cmake
[0.405s] -- Up-to-date: /home/yeonho/project1_ws/install/cv_bridge/share/cv_bridge/cmake/cv_bridgeConfig-version.cmake
[0.405s] -- Up-to-date: /home/yeonho/project1_ws/install/cv_bridge/share/cv_bridge/package.xml
[0.423s] Invoked command in '/home/yeonho/project1_ws/build/cv_bridge' returned '0': CMAKE_PREFIX_PATH=${CMAKE_PREFIX_PATH}:/home/yeonho/turtlebot3_ws/install/turtlebot3_teleop:/home/yeonho/turtlebot3_ws/install/turtlebot3_example:/opt/ros/humble /usr/bin/cmake --install /home/yeonho/project1_ws/build/cv_bridge
