[0.763s] Invoking command in '/home/yeonho/project1_ws/src/project1': CMAKE_PREFIX_PATH=/home/yeonho/project1_ws/install/cv_bridge:/home/yeonho/project1_ws/install/vision_opencv:/home/yeonho/project1_ws/install/image_geometry:/home/yeonho/turtlebot3_ws/install/turtlebot3:/home/yeonho/turtlebot3_ws/install/turtlebot3_bringup:/home/yeonho/turtlebot3_ws/install/turtlebot3_node:/home/yeonho/turtlebot3_ws/install/turtlebot3_navigation2:/home/yeonho/turtlebot3_ws/install/turtlebot3_msgs:/home/yeonho/turtlebot3_ws/install/turtlebot3_description:/home/yeonho/turtlebot3_ws/install/turtlebot3_cartographer:/home/yeonho/turtlebot3_ws/install/dynamixel_sdk_examples:/home/yeonho/turtlebot3_ws/install/dynamixel_sdk_custom_interfaces:/home/yeonho/turtlebot3_ws/install/dynamixel_sdk LD_LIBRARY_PATH=/home/yeonho/project1_ws/install/cv_bridge/lib:/home/yeonho/project1_ws/install/image_geometry/lib:/home/yeonho/turtlebot3_ws/install/turtlebot3_msgs/lib:/home/yeonho/turtlebot3_ws/install/dynamixel_sdk_custom_interfaces/lib:/home/yeonho/turtlebot3_ws/install/dynamixel_sdk/lib:/opt/ros/humble/opt/rviz_ogre_vendor/lib:/opt/ros/humble/lib/x86_64-linux-gnu:/opt/ros/humble/lib PYTHONPATH=/home/yeonho/project1_ws/build/project1/prefix_override:/usr/lib/python3/dist-packages/colcon_core/task/python/colcon_distutils_commands:/home/yeonho/project1_ws/install/project1/lib/python3.10/site-packages:${PYTHONPATH} /usr/bin/python3 -W ignore:setup.py install is deprecated -W ignore:easy_install command is deprecated setup.py egg_info --egg-base ../../build/project1 build --build-base /home/yeonho/project1_ws/build/project1/build install --record /home/yeonho/project1_ws/build/project1/install.log --single-version-externally-managed install_data
[0.974s] running egg_info
[0.974s] writing ../../build/project1/project1.egg-info/PKG-INFO
[0.974s] writing dependency_links to ../../build/project1/project1.egg-info/dependency_links.txt
[0.974s] writing entry points to ../../build/project1/project1.egg-info/entry_points.txt
[0.974s] writing requirements to ../../build/project1/project1.egg-info/requires.txt
[0.974s] writing top-level names to ../../build/project1/project1.egg-info/top_level.txt
[0.976s] reading manifest file '../../build/project1/project1.egg-info/SOURCES.txt'
[0.977s] writing manifest file '../../build/project1/project1.egg-info/SOURCES.txt'
[0.977s] running build
[0.977s] running build_py
[0.977s] running install
[0.977s] running install_lib
[0.980s] running install_data
[0.980s] copying launch/amr_control.launch.py -> /home/yeonho/project1_ws/install/project1/share/project1/launch
[0.980s] running install_egg_info
[0.982s] removing '/home/yeonho/project1_ws/install/project1/lib/python3.10/site-packages/project1-0.0.0-py3.10.egg-info' (and everything under it)
[0.982s] Copying ../../build/project1/project1.egg-info to /home/yeonho/project1_ws/install/project1/lib/python3.10/site-packages/project1-0.0.0-py3.10.egg-info
[0.983s] running install_scripts
[1.000s] Installing following script to /home/yeonho/project1_ws/install/project1/lib/project1
[1.000s] Installing init_pose script to /home/yeonho/project1_ws/install/project1/lib/project1
[1.000s] Installing init_pose2 script to /home/yeonho/project1_ws/install/project1/lib/project1
[1.001s] Installing object_detection script to /home/yeonho/project1_ws/install/project1/lib/project1
[1.001s] Installing police_office script to /home/yeonho/project1_ws/install/project1/lib/project1
[1.001s] Installing waypoint_follower script to /home/yeonho/project1_ws/install/project1/lib/project1
[1.001s] writing list of installed files to '/home/yeonho/project1_ws/build/project1/install.log'
[1.030s] Invoked command in '/home/yeonho/project1_ws/src/project1' returned '0': CMAKE_PREFIX_PATH=/home/yeonho/project1_ws/install/cv_bridge:/home/yeonho/project1_ws/install/vision_opencv:/home/yeonho/project1_ws/install/image_geometry:/home/yeonho/turtlebot3_ws/install/turtlebot3:/home/yeonho/turtlebot3_ws/install/turtlebot3_bringup:/home/yeonho/turtlebot3_ws/install/turtlebot3_node:/home/yeonho/turtlebot3_ws/install/turtlebot3_navigation2:/home/yeonho/turtlebot3_ws/install/turtlebot3_msgs:/home/yeonho/turtlebot3_ws/install/turtlebot3_description:/home/yeonho/turtlebot3_ws/install/turtlebot3_cartographer:/home/yeonho/turtlebot3_ws/install/dynamixel_sdk_examples:/home/yeonho/turtlebot3_ws/install/dynamixel_sdk_custom_interfaces:/home/yeonho/turtlebot3_ws/install/dynamixel_sdk LD_LIBRARY_PATH=/home/yeonho/project1_ws/install/cv_bridge/lib:/home/yeonho/project1_ws/install/image_geometry/lib:/home/yeonho/turtlebot3_ws/install/turtlebot3_msgs/lib:/home/yeonho/turtlebot3_ws/install/dynamixel_sdk_custom_interfaces/lib:/home/yeonho/turtlebot3_ws/install/dynamixel_sdk/lib:/opt/ros/humble/opt/rviz_ogre_vendor/lib:/opt/ros/humble/lib/x86_64-linux-gnu:/opt/ros/humble/lib PYTHONPATH=/home/yeonho/project1_ws/build/project1/prefix_override:/usr/lib/python3/dist-packages/colcon_core/task/python/colcon_distutils_commands:/home/yeonho/project1_ws/install/project1/lib/python3.10/site-packages:${PYTHONPATH} /usr/bin/python3 -W ignore:setup.py install is deprecated -W ignore:easy_install command is deprecated setup.py egg_info --egg-base ../../build/project1 build --build-base /home/yeonho/project1_ws/build/project1/build install --record /home/yeonho/project1_ws/build/project1/install.log --single-version-externally-managed install_data
