/home/yeonho/project1_ws/install/project1/lib/python3.10/site-packages/project1/init_pose.py
/home/yeonho/project1_ws/install/project1/lib/python3.10/site-packages/project1/__init__.py
/home/yeonho/project1_ws/install/project1/lib/python3.10/site-packages/project1/police_office.py
/home/yeonho/project1_ws/install/project1/lib/python3.10/site-packages/project1/object_detection.py
/home/yeonho/project1_ws/install/project1/lib/python3.10/site-packages/project1/following.py
/home/yeonho/project1_ws/install/project1/lib/python3.10/site-packages/project1/waypoint_follower.py
/home/yeonho/project1_ws/install/project1/lib/python3.10/site-packages/project1/__pycache__/init_pose.cpython-310.pyc
/home/yeonho/project1_ws/install/project1/lib/python3.10/site-packages/project1/__pycache__/__init__.cpython-310.pyc
/home/yeonho/project1_ws/install/project1/lib/python3.10/site-packages/project1/__pycache__/police_office.cpython-310.pyc
/home/yeonho/project1_ws/install/project1/lib/python3.10/site-packages/project1/__pycache__/object_detection.cpython-310.pyc
/home/yeonho/project1_ws/install/project1/lib/python3.10/site-packages/project1/__pycache__/following.cpython-310.pyc
/home/yeonho/project1_ws/install/project1/lib/python3.10/site-packages/project1/__pycache__/waypoint_follower.cpython-310.pyc
/home/yeonho/project1_ws/install/project1/share/ament_index/resource_index/packages/project1
/home/yeonho/project1_ws/install/project1/share/project1/package.xml
/home/yeonho/project1_ws/install/project1/share/project1/launch/amr_control.launch.py
/home/yeonho/project1_ws/install/project1/share/project1/launch/detection.launch.py
/home/yeonho/project1_ws/install/project1/lib/python3.10/site-packages/project1-0.0.0-py3.10.egg-info/requires.txt
/home/yeonho/project1_ws/install/project1/lib/python3.10/site-packages/project1-0.0.0-py3.10.egg-info/zip-safe
/home/yeonho/project1_ws/install/project1/lib/python3.10/site-packages/project1-0.0.0-py3.10.egg-info/entry_points.txt
/home/yeonho/project1_ws/install/project1/lib/python3.10/site-packages/project1-0.0.0-py3.10.egg-info/PKG-INFO
/home/yeonho/project1_ws/install/project1/lib/python3.10/site-packages/project1-0.0.0-py3.10.egg-info/SOURCES.txt
/home/yeonho/project1_ws/install/project1/lib/python3.10/site-packages/project1-0.0.0-py3.10.egg-info/top_level.txt
/home/yeonho/project1_ws/install/project1/lib/python3.10/site-packages/project1-0.0.0-py3.10.egg-info/dependency_links.txt
/home/yeonho/project1_ws/install/project1/lib/project1/following
/home/yeonho/project1_ws/install/project1/lib/project1/init_pose
/home/yeonho/project1_ws/install/project1/lib/project1/object_detection
/home/yeonho/project1_ws/install/project1/lib/project1/police_office
/home/yeonho/project1_ws/install/project1/lib/project1/waypoint_follower
